2024-05-29 03:37:24,945 - pyswarms.single.global_best - INFO - Optimize for 200 iters with {'c1': 0.5, 'c2': 0.3, 'w': 0.9}
2024-05-29 03:37:30,908 - pyswarms.single.global_best - INFO - Optimization finished | best cost: 0.001484879874624312, best pos: [ 1.70300107  0.64379587  1.55282319  0.15100936  1.04002831  0.3077147
  0.40012395  2.38849192  2.33781073 -0.37616797  5.64086548 -1.04084803
 -0.70396679 -1.82189598 -4.66294609  0.26924375  0.51847249  2.55855775
 -0.02666931  1.51930693  0.85010952  2.06836933  1.43562263  1.39155337
  0.36772537 -1.64592546 -0.62669639  1.62944032  2.04518767  0.71753646
 -3.44888813  3.04162786]
2024-05-29 03:37:30,937 - pyswarms.single.global_best - INFO - Optimize for 200 iters with {'c1': 0.5, 'c2': 0.3, 'w': 0.9}
2024-05-29 03:37:36,890 - pyswarms.single.global_best - INFO - Optimization finished | best cost: 0.0011960013071075082, best pos: [ 1.71831333  0.22731091 -2.21869771 -2.5354     -1.61137847  0.38603451
 -1.12493855  1.03896326 -0.34348404 -0.38216155 -0.72576575  0.27998036
  0.70687664  0.15822973  0.80962362 -0.990386    1.5950783   0.99924858
  0.99705264  0.25632031  2.17385167  1.21769705 -0.62675737  0.72258947
 -1.94470209  0.91438617  0.17408625 -0.98009631  0.48609189  0.84849125
  0.44910678 -2.13445186]
2024-05-29 03:37:36,917 - pyswarms.single.global_best - INFO - Optimize for 200 iters with {'c1': 0.5, 'c2': 0.3, 'w': 0.9}
2024-05-29 03:37:43,015 - pyswarms.single.global_best - INFO - Optimization finished | best cost: 0.0017859054496511817, best pos: [ 1.35779142 -3.78164184 -0.27876042 -0.96295322  1.20925324 -2.5074402
  2.15984597  0.37827646  0.57578729  0.87911311 -4.10700747  1.48488483
  1.08309501 -0.37027525 -0.1397894   0.95028085  0.05234421  2.28247608
  0.66205461  1.91334188  3.83470021  1.39394221  1.68786666  1.03522812
 -0.45972484  1.24976001  0.79305725  1.05547718  0.9017286   1.23555304
  1.74437614 -1.05034096]
2024-05-29 03:37:43,042 - pyswarms.single.global_best - INFO - Optimize for 200 iters with {'c1': 0.5, 'c2': 0.3, 'w': 0.9}
2024-05-29 03:37:49,133 - pyswarms.single.global_best - INFO - Optimization finished | best cost: 0.0006785634905099869, best pos: [-0.41972886 -0.59484893 -1.21588253  0.35718468  0.49761593  0.13146659
  0.42271373  2.23566263 -0.14043152  0.73826781 -2.51815767  0.52893473
  0.48954666  0.27761687  1.12132095  0.31375642 -1.45871137  2.28792174
  2.10388768 -0.41245397  2.06922951  0.12477133 -2.25960233  0.07252448
 -0.02544445  0.91285755 -2.54940467  3.6146613  -0.75556635 -0.91008578
  1.17967018  1.48896165]
2024-05-29 03:37:49,160 - pyswarms.single.global_best - INFO - Optimize for 200 iters with {'c1': 0.5, 'c2': 0.3, 'w': 0.9}
2024-05-29 03:37:55,195 - pyswarms.single.global_best - INFO - Optimization finished | best cost: 0.000569569761864841, best pos: [ 1.64343068 -0.05579241  0.28053542 -0.62931741  2.01773828 -1.01754171
  0.61015109  1.85716059  0.19182474  0.16146771  0.43486333 -1.4114833
  0.05470362 -0.21242841 -0.26364129 -1.95402314  2.02203923 -3.0414491
  0.07737383 -0.68252508 -2.35649687 -0.56083392  0.12062545 -0.53741057
 -0.56532621  0.60093548  1.954271    4.86418903  0.56642502 -0.31357523
 -0.85954383 -0.02246358]
2024-05-29 03:37:55,221 - pyswarms.single.global_best - INFO - Optimize for 200 iters with {'c1': 0.5, 'c2': 0.3, 'w': 0.9}
2024-05-29 03:38:01,301 - pyswarms.single.global_best - INFO - Optimization finished | best cost: 0.00047439654008485377, best pos: [-0.26000014  1.58960087  0.25079534 -0.57052357  0.10298104 -0.91991107
  0.57261004 -1.79351565 -1.17994715  1.65109417 -0.49286495 -1.84533046
 -1.58984829 -0.41860103  0.62154157  0.31122545 -0.00692844 -0.54594498
 -3.17529179 -0.47881391 -0.62394867 -0.97999073  0.59872284  0.86390707
 -0.75413347  0.04675452  0.84233316  0.14062372  0.75063956  2.07501727
 -1.27761383 -1.3725061 ]
2024-05-29 03:38:01,327 - pyswarms.single.global_best - INFO - Optimize for 200 iters with {'c1': 0.5, 'c2': 0.3, 'w': 0.9}
2024-05-29 03:38:07,447 - pyswarms.single.global_best - INFO - Optimization finished | best cost: 0.0004093521274626255, best pos: [ 1.37270934  1.16788865  2.39677589 -1.01106954  0.84887475 -1.18029352
 -1.52586393  0.1764561  -0.80896485  2.15357395 -0.91523847  1.49476267
  0.44955504 -1.70021238 -1.63128265  0.54996139  0.16687608  0.14724397
  0.09316499 -0.55139397 -1.73841926 -0.87166008  0.8464746  -1.31163605
  2.68430525  0.04754477  1.51026626  0.35492044  0.20360882 -0.77331236
  0.2934447  -1.52072321]
2024-05-29 03:38:07,475 - pyswarms.single.global_best - INFO - Optimize for 200 iters with {'c1': 0.5, 'c2': 0.3, 'w': 0.9}
2024-05-29 03:38:13,615 - pyswarms.single.global_best - INFO - Optimization finished | best cost: 0.00031420073355548084, best pos: [ 0.47646436  0.89472313  3.57634731  0.84292788  0.86625609 -0.07075087
 -1.18797419 -0.67276769 -0.07495244  0.9045427  -0.97357677 -1.06502503
  0.58952921  0.18211637 -0.70800219 -0.34218121 -0.35290939  1.67862661
  0.90313327 -1.20148396 -0.13240611 -0.7360608   0.83985465 -1.95887903
  0.94083378  0.02535085  1.51910878  0.19712194 -0.54309938  1.43457348
  0.22128782  2.3109498 ]
2024-05-29 03:38:13,645 - pyswarms.single.global_best - INFO - Optimize for 200 iters with {'c1': 0.5, 'c2': 0.3, 'w': 0.9}
2024-05-29 03:38:19,749 - pyswarms.single.global_best - INFO - Optimization finished | best cost: 0.001657099463045597, best pos: [-3.41392662  0.05225056  0.50986478 -0.35769065 -3.83937292 -0.34569864
  0.92763085  0.43663102 -1.91220757 -0.02925263  2.15633057 -0.70356617
  0.13687599 -0.3880944   1.57302092  0.67978355 -0.73274187 -1.12534213
  2.91131459 -3.9753644   0.8414236  -0.09554254  0.49382041  0.65272465
 -3.52561384  0.56306227  0.62331728  1.68788014 -0.74406291  1.03169809
  1.28715565 -3.56308824]
2024-05-29 03:38:19,776 - pyswarms.single.global_best - INFO - Optimize for 200 iters with {'c1': 0.5, 'c2': 0.3, 'w': 0.9}
2024-05-29 03:38:25,911 - pyswarms.single.global_best - INFO - Optimization finished | best cost: 0.001154935685917735, best pos: [-1.31645316  0.06724759  0.11905337  2.27173766  1.34659204 -1.8740589
  0.69780874 -0.09621284  0.4760017   0.32554894  3.09405257 -1.26067028
 -0.54566141 -0.96585307  1.42529097 -0.98922704  1.44995127 -0.10774418
 -0.22925173 -0.60196239 -0.25254738  1.04868482  0.81295238 -1.98368155
 -0.10112678  0.86848267 -0.56871633  0.92814724 -1.58585218  0.6222748
 -1.88746504  0.61981871]
2024-05-29 03:38:25,941 - pyswarms.single.global_best - INFO - Optimize for 200 iters with {'c1': 0.5, 'c2': 0.3, 'w': 0.9}
2024-05-29 03:38:32,129 - pyswarms.single.global_best - INFO - Optimization finished | best cost: 0.0006799261900596321, best pos: [-0.04065571  3.39017612  0.02133088  0.29415656  0.44312531 -3.43726952
 -2.21310679  0.84866435  1.89225979  0.44198656 -4.05447125  0.3424379
 -0.37261669  1.10487382  0.87043977 -0.02349265  1.52649143  0.42531789
  1.42770326  0.3937944   0.91435354 -0.05510024  0.76556479  4.42763669
  1.74285778  0.48353834  0.40697521 -0.90862979  2.4028336  -1.1694884
  0.31684026  1.10971249]
2024-05-29 03:38:32,156 - pyswarms.single.global_best - INFO - Optimize for 200 iters with {'c1': 0.5, 'c2': 0.3, 'w': 0.9}
2024-05-29 03:38:38,368 - pyswarms.single.global_best - INFO - Optimization finished | best cost: 0.0014602169394493103, best pos: [ 1.08098362e-01 -5.98674449e+00 -3.85718228e+00 -4.46015261e-01
 -2.97847517e-01  4.97394786e-02 -6.44806785e-01 -1.32452302e+00
 -1.66572098e+00 -6.24220623e-01  2.69965989e-01 -3.92235360e+00
  4.81775955e-01  1.27980270e+00 -1.55736771e-02  3.45893654e-01
  3.00095460e-01 -6.17583229e+00 -4.07470182e+00 -1.18444397e+00
 -4.37111414e+00  6.68849561e-02  8.12837077e-01  1.33408013e-01
  3.60998056e+00  1.78067550e+00  7.95693925e-01  2.47370557e+00
  6.30741859e-04  9.06645902e-01 -9.19630181e-01  2.78353848e-01]
2024-05-29 03:38:38,393 - pyswarms.single.global_best - INFO - Optimize for 200 iters with {'c1': 0.5, 'c2': 0.3, 'w': 0.9}
2024-05-29 03:38:44,536 - pyswarms.single.global_best - INFO - Optimization finished | best cost: 0.0005870932363905013, best pos: [-4.76715087 -1.93387258 -2.96702621  1.22413431  0.81703096  0.11411406
 -0.65580111  1.12441684  1.05691353  1.31195837 -1.12185304 -1.5873962
 -1.92816485  0.67305364 -2.01820515  0.53221073 -2.92683381 -0.2358961
 -0.15118889  1.29794859  0.51267152 -1.11961001 -0.05764941  0.27553267
  1.3749605   3.61812991  0.21519948  1.15541991 -0.86595194 -1.03510447
  0.26496953  3.61138026]
2024-05-29 03:38:44,564 - pyswarms.single.global_best - INFO - Optimize for 200 iters with {'c1': 0.5, 'c2': 0.3, 'w': 0.9}
2024-05-29 03:38:50,763 - pyswarms.single.global_best - INFO - Optimization finished | best cost: 0.0010192034533247352, best pos: [ 5.2697053  -1.18166017  1.56319113  1.32241466 -0.71483008  0.37342927
 -0.93052318 -0.80477057 -1.24161814  0.57616326  0.88420299 -0.86232294
 -1.14938046  2.27871554 -0.50993939 -0.71554164 -1.23781959  1.33109163
  0.83952328  0.95797943  1.54916137 -0.04235063  1.26492578 -1.07978408
  1.71830416  0.33960431 -0.31608019  0.73371489 -0.64026014 -0.44456656
  0.59364876 -0.63080714]
